{"level":"info","message":{"method":"POST","timestamp":"2024-05-11T01:14:24.683Z","url":"/"}}
{"level":"info","message":{"method":"POST","timestamp":"2024-05-11T01:22:26.527Z","url":"/"}}
{"level":"info","message":{"method":"POST","timestamp":"2024-05-11T01:22:46.260Z","url":"/"}}
{"level":"info","message":{"method":"GET","timestamp":"2024-05-11T01:22:57.415Z","url":"/"}}
{"level":"info","message":{"method":"GET","timestamp":"2024-05-11T01:26:00.154Z","url":"/"}}
{"level":"info","message":{"method":"GET","timestamp":"2024-05-11T01:51:31.632Z","url":"/api/users/signup"}}
{"level":"info","message":{"method":"POST","timestamp":"2024-05-11T01:51:49.485Z","url":"/api/users/signup"}}
{"level":"info","message":{"method":"POST","timestamp":"2024-05-11T01:55:11.562Z","url":"/api/users/signup"}}
{"level":"info","message":{"method":"POST","timestamp":"2024-05-11T01:55:43.681Z","url":"/api/users/login"}}
{"level":"info","message":{"method":"POST","timestamp":"2024-05-11T01:56:03.591Z","url":"/api/users/signin"}}
{"level":"info","message":{"method":"POST","timestamp":"2024-05-11T01:56:18.101Z","url":"/api/users/signin"}}
{"level":"info","message":{"method":"POST","timestamp":"2024-05-11T01:59:08.777Z","url":"/api/users/signin"}}
{"level":"info","message":{"method":"POST","timestamp":"2024-05-11T02:07:28.860Z","url":"/api/blogs"}}
{"level":"info","message":{"method":"POST","timestamp":"2024-05-11T02:08:25.056Z","url":"/api/blogs"}}
{"level":"info","message":{"method":"POST","timestamp":"2024-05-11T02:15:04.905Z","url":"/api/blogs"}}
{"level":"info","message":{"method":"POST","timestamp":"2024-05-11T02:16:05.975Z","url":"/api/blogs"}}
{"level":"info","message":{"method":"POST","timestamp":"2024-05-11T02:32:11.655Z","url":"/api/blogs"}}
{"level":"info","message":{"method":"POST","timestamp":"2024-05-11T02:32:26.657Z","url":"/api/blogs"}}
{"level":"info","message":{"method":"POST","timestamp":"2024-05-11T02:33:08.989Z","url":"/users/signin"}}
{"level":"info","message":{"method":"POST","timestamp":"2024-05-11T02:33:12.564Z","url":"/users/signin"}}
{"level":"info","message":{"method":"POST","timestamp":"2024-05-11T02:40:10.698Z","url":"/users/signin"}}
{"level":"info","message":{"method":"POST","timestamp":"2024-05-11T02:41:49.966Z","url":"/blog"}}
{"level":"info","message":{"method":"POST","timestamp":"2024-05-11T02:42:21.895Z","url":"/blog/"}}
{"level":"info","message":{"method":"POST","timestamp":"2024-05-11T02:42:42.662Z","url":"/blog/"}}
{"level":"info","message":{"method":"POST","timestamp":"2024-05-11T02:44:01.092Z","url":"/blog/"}}
{"level":"info","message":{"method":"POST","timestamp":"2024-05-11T02:44:03.135Z","url":"/blog/"}}
{"level":"info","message":{"method":"POST","timestamp":"2024-05-11T02:44:06.889Z","url":"/blog/"}}
{"level":"info","message":{"method":"GET","timestamp":"2024-05-11T14:09:24.872Z","url":"/"}}
{"level":"info","message":{"method":"GET","timestamp":"2024-05-11T14:10:56.031Z","url":"/"}}
{"level":"info","message":{"method":"GET","timestamp":"2024-05-11T14:10:56.121Z","url":"/styles/main.css"}}
{"level":"info","message":{"method":"GET","timestamp":"2024-05-11T14:10:56.191Z","url":"/favicon.ico"}}
{"level":"info","message":{"method":"GET","timestamp":"2024-05-11T14:11:29.206Z","url":"/users/signin"}}
{"level":"info","message":{"method":"GET","timestamp":"2024-05-11T14:37:11.964Z","url":"/users/signin"}}
{"level":"info","message":{"method":"GET","timestamp":"2024-05-11T14:37:17.265Z","url":"/users/signin"}}
{"level":"info","message":{"method":"GET","timestamp":"2024-05-11T14:37:30.091Z","url":"/users/signin"}}
{"level":"info","message":{"method":"GET","timestamp":"2024-05-11T14:38:06.840Z","url":"/users/signin"}}
{"level":"info","message":{"method":"GET","timestamp":"2024-05-11T14:39:17.811Z","url":"/"}}
{"level":"info","message":{"method":"GET","timestamp":"2024-05-11T14:41:59.505Z","url":"/"}}
{"level":"info","message":{"method":"GET","timestamp":"2024-05-11T14:43:39.039Z","url":"/"}}
{"level":"info","message":{"method":"GET","timestamp":"2024-05-11T14:43:39.212Z","url":"/styles/main.css"}}
{"level":"info","message":{"method":"GET","timestamp":"2024-05-11T14:43:58.137Z","url":"/users/signin"}}
{"level":"info","message":{"method":"GET","timestamp":"2024-05-11T14:43:58.170Z","url":"/styles/main.css"}}
{"level":"info","message":{"method":"GET","timestamp":"2024-05-11T14:44:16.369Z","url":"/users/signup"}}
{"level":"info","message":{"method":"GET","timestamp":"2024-05-11T14:44:16.395Z","url":"/styles/main.css"}}
{"level":"info","message":{"method":"POST","timestamp":"2024-05-11T14:47:37.570Z","url":"/api/users/signup"}}
{"level":"info","message":{"method":"POST","timestamp":"2024-05-11T14:48:13.268Z","url":"/api/users/signup"}}
{"level":"info","message":{"method":"GET","timestamp":"2024-05-11T14:48:22.400Z","url":"/users/signup"}}
{"level":"info","message":{"method":"GET","timestamp":"2024-05-11T14:48:22.484Z","url":"/styles/main.css"}}
{"level":"info","message":{"method":"POST","timestamp":"2024-05-11T14:48:57.873Z","url":"/users/signup"}}
{"level":"info","message":{"method":"GET","timestamp":"2024-05-11T14:50:53.136Z","url":"/users/signup"}}
{"level":"info","message":{"method":"GET","timestamp":"2024-05-11T14:51:47.439Z","url":"/users/signup"}}
{"level":"info","message":{"method":"GET","timestamp":"2024-05-11T14:51:47.487Z","url":"/styles/main.css"}}
{"level":"info","message":{"method":"POST","timestamp":"2024-05-11T14:52:23.705Z","url":"/users/signup"}}
{"level":"info","message":{"method":"POST","timestamp":"2024-05-11T14:52:57.599Z","url":"/users/signup"}}
{"level":"info","message":{"method":"GET","timestamp":"2024-05-11T14:57:14.445Z","url":"/users/signup"}}
{"level":"info","message":{"method":"GET","timestamp":"2024-05-11T14:57:14.534Z","url":"/styles/main.css"}}
{"level":"info","message":{"method":"POST","timestamp":"2024-05-11T14:57:49.568Z","url":"/users/signup"}}
{"level":"info","message":{"method":"POST","timestamp":"2024-05-11T15:00:51.054Z","url":"/users/signup"}}
{"level":"info","message":{"method":"POST","timestamp":"2024-05-11T15:01:12.228Z","url":"/users/signup"}}
{"level":"info","message":{"method":"GET","timestamp":"2024-05-11T15:03:41.620Z","url":"/users/signup"}}
{"level":"info","message":{"method":"GET","timestamp":"2024-05-11T15:03:41.719Z","url":"/styles/main.css"}}
{"level":"info","message":{"method":"POST","timestamp":"2024-05-11T15:04:22.898Z","url":"/users/signup"}}
{"level":"info","message":{"method":"GET","timestamp":"2024-05-11T15:05:24.203Z","url":"/users/signup"}}
{"level":"info","message":{"method":"GET","timestamp":"2024-05-11T15:05:24.294Z","url":"/styles/main.css"}}
{"level":"info","message":{"method":"POST","timestamp":"2024-05-11T15:05:35.982Z","url":"/users/signup"}}
{"level":"info","message":{"method":"GET","timestamp":"2024-05-11T15:08:07.427Z","url":"/users/signup"}}
{"level":"info","message":{"method":"GET","timestamp":"2024-05-11T15:08:07.522Z","url":"/styles/main.css"}}
{"level":"info","message":{"method":"POST","timestamp":"2024-05-11T15:08:15.934Z","url":"/users/signup"}}
{"level":"info","message":{"method":"POST","timestamp":"2024-05-11T15:08:28.341Z","url":"/users/signup"}}
{"level":"info","message":{"method":"GET","timestamp":"2024-05-11T15:12:01.140Z","url":"/users/signup"}}
{"level":"info","message":{"method":"GET","timestamp":"2024-05-11T15:12:01.246Z","url":"/styles/main.css"}}
{"level":"info","message":{"method":"POST","timestamp":"2024-05-11T15:12:12.414Z","url":"/users/signup"}}
{"level":"info","message":{"method":"GET","timestamp":"2024-05-11T15:12:12.714Z","url":"/users/index.ejs"}}
{"level":"info","message":{"method":"GET","timestamp":"2024-05-11T15:13:52.322Z","url":"/users/signup"}}
{"level":"info","message":{"method":"GET","timestamp":"2024-05-11T15:13:52.380Z","url":"/styles/main.css"}}
{"level":"info","message":{"method":"POST","timestamp":"2024-05-11T15:14:05.725Z","url":"/users/signup"}}
{"level":"info","message":{"method":"GET","timestamp":"2024-05-11T15:14:06.042Z","url":"/views/index.ejs"}}
{"level":"info","message":{"method":"GET","timestamp":"2024-05-11T15:17:26.752Z","url":"/users/signup"}}
{"level":"info","message":{"method":"GET","timestamp":"2024-05-11T15:17:26.834Z","url":"/styles/main.css"}}
{"level":"info","message":{"method":"POST","timestamp":"2024-05-11T15:17:41.984Z","url":"/users/signup"}}
{"level":"info","message":{"method":"GET","timestamp":"2024-05-11T15:17:42.360Z","url":"/index.ejs"}}
{"level":"info","message":{"method":"GET","timestamp":"2024-05-11T15:19:32.329Z","url":"/users/signup"}}
{"level":"info","message":{"method":"GET","timestamp":"2024-05-11T15:19:32.387Z","url":"/styles/main.css"}}
{"level":"info","message":{"method":"POST","timestamp":"2024-05-11T15:19:46.967Z","url":"/users/signup"}}
{"level":"info","message":{"method":"GET","timestamp":"2024-05-11T15:19:47.323Z","url":"/"}}
{"level":"info","message":{"method":"GET","timestamp":"2024-05-11T15:19:47.359Z","url":"/styles/main.css"}}
{"level":"info","message":{"method":"GET","timestamp":"2024-05-11T20:15:15.745Z","url":"/"}}
{"level":"info","message":{"method":"GET","timestamp":"2024-05-11T20:15:46.650Z","url":"/users/login"}}
{"level":"info","message":{"method":"GET","timestamp":"2024-05-11T20:16:28.306Z","url":"/users/signin"}}
{"level":"info","message":{"method":"GET","timestamp":"2024-05-11T20:16:52.884Z","url":"/styles/main.css"}}
{"level":"info","message":{"method":"GET","timestamp":"2024-05-11T20:16:52.944Z","url":"/favicon.ico"}}
{"level":"info","message":{"method":"GET","timestamp":"2024-05-11T20:16:59.847Z","url":"/users/signin"}}
{"level":"info","message":{"method":"GET","timestamp":"2024-05-11T20:16:59.885Z","url":"/styles/main.css"}}
{"level":"info","message":{"method":"GET","timestamp":"2024-05-11T20:17:15.637Z","url":"/users/signup"}}
{"level":"info","message":{"method":"GET","timestamp":"2024-05-11T20:17:15.677Z","url":"/styles/main.css"}}
{"level":"info","message":{"method":"POST","timestamp":"2024-05-11T20:17:27.319Z","url":"/users/signup"}}
{"level":"info","message":{"method":"GET","timestamp":"2024-05-11T20:17:28.552Z","url":"/"}}
{"level":"info","message":{"method":"GET","timestamp":"2024-05-11T20:17:30.012Z","url":"/styles/main.css"}}
{"level":"info","message":{"method":"GET","timestamp":"2024-05-11T20:48:30.144Z","url":"/"}}
{"level":"info","message":{"method":"GET","timestamp":"2024-05-11T20:51:50.549Z","url":"/dashboard"}}
{"level":"info","message":{"method":"GET","timestamp":"2024-05-11T20:55:55.676Z","url":"/dashboard"}}
{"level":"info","message":{"method":"GET","timestamp":"2024-05-11T20:56:00.154Z","url":"/dashboard"}}
{"level":"info","message":{"method":"GET","timestamp":"2024-05-11T20:56:17.900Z","url":"/users/dashboard"}}
{"level":"info","message":{"method":"GET","timestamp":"2024-05-11T20:58:28.165Z","url":"/users/dashboard"}}
{"level":"info","message":{"method":"GET","timestamp":"2024-05-11T20:59:00.275Z","url":"/users/signin"}}
{"level":"info","message":{"method":"GET","timestamp":"2024-05-11T20:59:00.319Z","url":"/styles/main.css"}}
{"level":"info","message":{"method":"GET","timestamp":"2024-05-11T21:00:17.988Z","url":"/"}}
{"level":"info","message":{"method":"GET","timestamp":"2024-05-11T21:04:09.735Z","url":"/"}}
{"level":"info","message":{"method":"GET","timestamp":"2024-05-11T21:05:24.311Z","url":"/"}}
{"level":"info","message":{"method":"GET","timestamp":"2024-05-11T21:05:26.963Z","url":"/styles/main.css"}}
